<?xml version="1.0" encoding="UTF-8"?>
<!-- Generated by org.testng.reporters.JUnitXMLReporter -->
<testsuite ignored="3" hostname="DESKTOP-LIM5PU2" failures="0" tests="1" name="ChromeTest" time="12.579" errors="0" timestamp="2025-03-18T10:53:40 IST">
  <testcase classname="testScript.LoginTest" name="verifyTheUserIsAbleToLoginUsingValidCredentials" time="5.126"/>
  <testcase classname="testScript.LoginTest" name="verifyTheUserIsNotAbleToLoginWithIncorrectUsernameAndPassword" time="0.0">
    <ignored/>
  </testcase> <!-- verifyTheUserIsNotAbleToLoginWithIncorrectUsernameAndPassword -->
  <testcase classname="testScript.LoginTest" name="verifyTheUserIsNotAbleToLoginWithIncorrectPassword" time="0.0">
    <ignored/>
  </testcase> <!-- verifyTheUserIsNotAbleToLoginWithIncorrectPassword -->
  <testcase classname="testScript.LoginTest" name="verifyTheUserIsNotAbleToLoginWithIncorrectUsername" time="0.0">
    <ignored/>
  </testcase> <!-- verifyTheUserIsNotAbleToLoginWithIncorrectUsername -->
</testsuite> <!-- ChromeTest -->
