<?xml version="1.0" encoding="UTF-8"?>
<!-- Generated by org.testng.reporters.JUnitXMLReporter -->
<testsuite ignored="3" hostname="DESKTOP-LIM5PU2" failures="0" tests="1" name="ChromeTest" time="13.795" errors="0" timestamp="2025-03-18T10:41:14 IST">
  <testcase classname="testScript.LoginTest" name="verifyTheUserIsNotAbleToLoginWithIncorrectUsername" time="2.79"/>
  <testcase classname="testScript.LoginTest" name="verifyTheUserIsNotAbleToLoginWithIncorrectUsernameAndPassword" time="0.0">
    <ignored/>
  </testcase> <!-- verifyTheUserIsNotAbleToLoginWithIncorrectUsernameAndPassword -->
  <testcase classname="testScript.LoginTest" name="verifyTheUserIsAbleToLoginUsingValidCredentials" time="0.0">
    <ignored/>
  </testcase> <!-- verifyTheUserIsAbleToLoginUsingValidCredentials -->
  <testcase classname="testScript.LoginTest" name="verifyTheUserIsNotAbleToLoginWithIncorrectPassword" time="0.0">
    <ignored/>
  </testcase> <!-- verifyTheUserIsNotAbleToLoginWithIncorrectPassword -->
</testsuite> <!-- ChromeTest -->
