<?xml version="1.0" encoding="UTF-8"?>
<!-- Generated by org.testng.reporters.JUnitXMLReporter -->
<testsuite ignored="2" hostname="DESKTOP-LIM5PU2" failures="0" tests="2" name="Test" time="17.337" errors="0" timestamp="2025-03-21T12:17:38 IST">
  <testcase classname="testScript.LoginTest" name="verifyTheUserIsAbleToLoginUsingValidCredentials" time="2.688"/>
  <testcase classname="testScript.LoginTest" name="verifyTheUserIsNotAbleToLoginWithIncorrectUsernameAndPassword" time="0.902"/>
  <testcase classname="testScript.LoginTest" name="verifyTheUserIsNotAbleToLoginWithIncorrectPassword" time="0.0">
    <ignored/>
  </testcase> <!-- verifyTheUserIsNotAbleToLoginWithIncorrectPassword -->
  <testcase classname="testScript.LoginTest" name="verifyTheUserIsNotAbleToLoginWithIncorrectUsername" time="0.0">
    <ignored/>
  </testcase> <!-- verifyTheUserIsNotAbleToLoginWithIncorrectUsername -->
</testsuite> <!-- Test -->
